#
# There is insufficient memory for the Java Runtime Environment to continue.
# Native memory allocation (malloc) failed to allocate 1048576 bytes for AllocateHeap
# Possible reasons:
#   The system is out of physical RAM or swap space
#   The process is running with CompressedOops enabled, and the Java Heap may be blocking the growth of the native heap
# Possible solutions:
#   Reduce memory load on the system
#   Increase physical memory or swap space
#   Check if swap backing store is full
#   Decrease Java heap size (-Xmx/-Xms)
#   Decrease number of Java threads
#   Decrease Java thread stack sizes (-Xss)
#   Set larger code cache with -XX:ReservedCodeCacheSize=
#   JVM is running with Unscaled Compressed Oops mode in which the Java heap is
#     placed in the first 4GB address space. The Java Heap base address is the
#     maximum limit for the native heap growth. Please use -XX:HeapBaseMinAddress
#     to set the Java Heap base and to place the Java Heap above 4GB virtual address.
# This output file may be truncated or incomplete.
#
#  Out of Memory Error (allocation.cpp:44), pid=11060, tid=20172
#
# JRE version: OpenJDK Runtime Environment Temurin-17.0.7+7 (17.0.7+7) (build 17.0.7+7)
# Java VM: OpenJDK 64-Bit Server VM Temurin-17.0.7+7 (17.0.7+7, mixed mode, emulated-client, tiered, compressed oops, compressed class ptrs, g1 gc, windows-amd64)
# No core dump will be written. Minidumps are not enabled by default on client versions of Windows
#

---------------  S U M M A R Y ------------

Command Line: -XX:+HeapDumpOnOutOfMemoryError -Xmx1024m -Dsts.lsp.client=vscode -Dsts.log.file=/dev/null -XX:TieredStopAtLevel=1 -Xlog:jni+resolve=off -Dspring.config.location=file:c:\Users\ftamayor\.vscode\extensions\vmware.vscode-spring-boot-1.47.0\language-server\BOOT-INF\classes\application.properties org.springframework.ide.vscode.boot.app.BootLanguageServerBootApp

Host: 12th Gen Intel(R) Core(TM) i7-12700, 20 cores, 15G,  Windows 11 , 64 bit Build 22621 (10.0.22621.1778)
Time: Thu Jun 29 12:52:23 2023 Hora est. Pacífico, Sudamérica elapsed time: 81737.859265 seconds (0d 22h 42m 17s)

---------------  T H R E A D  ---------------

Current thread (0x000001a11a02d020):  VMThread "VM Thread" [stack: 0x0000003302000000,0x0000003302100000] [id=20172]

Stack: [0x0000003302000000,0x0000003302100000]
Native frames: (J=compiled Java code, j=interpreted, Vv=VM code, C=native code)
V  [jvm.dll+0x67754a]
V  [jvm.dll+0x834304]
V  [jvm.dll+0x835aae]
V  [jvm.dll+0x836113]
V  [jvm.dll+0x24696f]
V  [jvm.dll+0xa681f]
V  [jvm.dll+0x2f73f3]
V  [jvm.dll+0x2f30f0]
V  [jvm.dll+0x2db6c7]
V  [jvm.dll+0x31e777]
V  [jvm.dll+0x83a5bb]
V  [jvm.dll+0x83b2f4]
V  [jvm.dll+0x83b80c]
V  [jvm.dll+0x83bbe4]
V  [jvm.dll+0x83bcb0]
V  [jvm.dll+0x7e4e7a]
V  [jvm.dll+0x676395]
C  [ucrtbase.dll+0x29363]
C  [KERNEL32.DLL+0x126ad]
C  [ntdll.dll+0x5a9f8]

VM_Operation (0x00000033047fec50): G1CollectFull, mode: safepoint, requested by thread 0x000001a11b997080


---------------  P R O C E S S  ---------------

Threads class SMR info:
_java_thread_list=0x000001a11bac0d50, length=32, elements={
0x000001a115e05680, 0x000001a115e08240, 0x000001a115e0d530, 0x000001a115e0def0,
0x000001a115e0e7b0, 0x000001a11a06d8f0, 0x000001a11a0705c0, 0x000001a11a070ec0,
0x000001a11a2abc00, 0x000001a11a2b5dd0, 0x000001a11b998890, 0x000001a11b997550,
0x000001a11b997080, 0x000001a11b997a20, 0x000001a11b997ef0, 0x000001a11b9983c0,
0x000001a11ba9c0e0, 0x000001a11ba9a400, 0x000001a11bc78050, 0x000001a11bc73350,
0x000001a11bc724e0, 0x000001a11bc729b0, 0x000001a11bc78ec0, 0x000001a11bc74690,
0x000001a11bc74b60, 0x000001a11bc78520, 0x000001a11bc75030, 0x000001a11bc71670,
0x000001a11bc75ea0, 0x000001a11bc76370, 0x000001a11bc776b0, 0x000001a11ba9b740
}

Java Threads: ( => current thread )
  0x000001a115e05680 JavaThread "Reference Handler" daemon [_thread_blocked, id=5196, stack(0x0000003302100000,0x0000003302200000)]
  0x000001a115e08240 JavaThread "Finalizer" daemon [_thread_blocked, id=1328, stack(0x0000003302200000,0x0000003302300000)]
  0x000001a115e0d530 JavaThread "Signal Dispatcher" daemon [_thread_blocked, id=12684, stack(0x0000003302300000,0x0000003302400000)]
  0x000001a115e0def0 JavaThread "Attach Listener" daemon [_thread_blocked, id=2324, stack(0x0000003302400000,0x0000003302500000)]
  0x000001a115e0e7b0 JavaThread "Service Thread" daemon [_thread_blocked, id=1800, stack(0x0000003302500000,0x0000003302600000)]
  0x000001a11a06d8f0 JavaThread "Monitor Deflation Thread" daemon [_thread_blocked, id=4652, stack(0x0000003302600000,0x0000003302700000)]
  0x000001a11a0705c0 JavaThread "C1 CompilerThread0" daemon [_thread_blocked, id=20492, stack(0x0000003302700000,0x0000003302800000)]
  0x000001a11a070ec0 JavaThread "Sweeper thread" daemon [_thread_blocked, id=11880, stack(0x0000003302800000,0x0000003302900000)]
  0x000001a11a2abc00 JavaThread "Notification Thread" daemon [_thread_blocked, id=6160, stack(0x0000003302b00000,0x0000003302c00000)]
  0x000001a11a2b5dd0 JavaThread "Common-Cleaner" daemon [_thread_blocked, id=11168, stack(0x0000003302d00000,0x0000003302e00000)]
  0x000001a11b998890 JavaThread "boundedElastic-evictor-1" daemon [_thread_blocked, id=20588, stack(0x0000003303c00000,0x0000003303d00000)]
  0x000001a11b997550 JavaThread "boundedElastic-evictor-2" daemon [_thread_blocked, id=11052, stack(0x0000003304600000,0x0000003304700000)]
  0x000001a11b997080 JavaThread "pool-10-thread-1" [_thread_blocked, id=13400, stack(0x0000003304700000,0x0000003304800000)]
  0x000001a11b997a20 JavaThread "LanguageServerApp-lifecycle" [_thread_blocked, id=6628, stack(0x0000003304800000,0x0000003304900000)]
  0x000001a11b997ef0 JavaThread "DestroyJavaVM" [_thread_blocked, id=8496, stack(0x0000003301a00000,0x0000003301b00000)]
  0x000001a11b9983c0 JavaThread "pool-11-thread-1" [_thread_in_native, id=2748, stack(0x0000003304900000,0x0000003304a00000)]
  0x000001a11ba9c0e0 JavaThread "Simple-Language-Server main thread" daemon [_thread_blocked, id=22180, stack(0x0000003304a00000,0x0000003304b00000)]
  0x000001a11ba9a400 JavaThread "pool-6-thread-1" [_thread_blocked, id=21280, stack(0x0000003304f00000,0x0000003305000000)]
  0x000001a11bc78050 JavaThread "parallel-1" daemon [_thread_blocked, id=3492, stack(0x0000003306e00000,0x0000003306f00000)]
  0x000001a11bc73350 JavaThread "pool-4-thread-1" [_thread_blocked, id=7568, stack(0x0000003307100000,0x0000003307200000)]
  0x000001a11bc724e0 JavaThread "parallel-2" daemon [_thread_blocked, id=12944, stack(0x0000003307600000,0x0000003307700000)]
  0x000001a11bc729b0 JavaThread "parallel-3" daemon [_thread_blocked, id=10420, stack(0x0000003303b00000,0x0000003303c00000)]
  0x000001a11bc78ec0 JavaThread "parallel-4" daemon [_thread_blocked, id=8904, stack(0x0000003302a00000,0x0000003302b00000)]
  0x000001a11bc74690 JavaThread "parallel-5" daemon [_thread_blocked, id=11176, stack(0x0000003303700000,0x0000003303800000)]
  0x000001a11bc74b60 JavaThread "Reconciler-1" daemon [_thread_blocked, id=4884, stack(0x0000003303800000,0x0000003303900000)]
  0x000001a11bc78520 JavaThread "parallel-6" daemon [_thread_blocked, id=12992, stack(0x0000003302900000,0x0000003302a00000)]
  0x000001a11bc75030 JavaThread "parallel-7" daemon [_thread_blocked, id=6344, stack(0x0000003301700000,0x0000003301800000)]
  0x000001a11bc71670 JavaThread "parallel-8" daemon [_thread_blocked, id=11540, stack(0x0000003301800000,0x0000003301900000)]
  0x000001a11bc75ea0 JavaThread "parallel-9" daemon [_thread_blocked, id=22540, stack(0x0000003301900000,0x0000003301a00000)]
  0x000001a11bc76370 JavaThread "parallel-10" daemon [_thread_blocked, id=22244, stack(0x0000003304c00000,0x0000003304d00000)]
  0x000001a11bc776b0 JavaThread "parallel-11" daemon [_thread_blocked, id=23168, stack(0x0000003304e00000,0x0000003304f00000)]
  0x000001a11ba9b740 JavaThread "parallel-12" daemon [_thread_blocked, id=1796, stack(0x0000003305400000,0x0000003305500000)]

Other Threads:
=>0x000001a11a02d020 VMThread "VM Thread" [stack: 0x0000003302000000,0x0000003302100000] [id=20172]
  0x000001a11a2ac8e0 WatcherThread [stack: 0x0000003302c00000,0x0000003302d00000] [id=16140]
  0x000001a10a0c3c50 GCTaskThread "GC Thread#0" [stack: 0x0000003301b00000,0x0000003301c00000] [id=13040]
  0x000001a11abf94a0 GCTaskThread "GC Thread#1" [stack: 0x0000003302f00000,0x0000003303000000] [id=22492]
  0x000001a11abf9750 GCTaskThread "GC Thread#2" [stack: 0x0000003303000000,0x0000003303100000] [id=3228]
  0x000001a11abf7ff0 GCTaskThread "GC Thread#3" [stack: 0x0000003303100000,0x0000003303200000] [id=5664]
  0x000001a11abf82a0 GCTaskThread "GC Thread#4" [stack: 0x0000003303200000,0x0000003303300000] [id=3680]
  0x000001a11abf8550 GCTaskThread "GC Thread#5" [stack: 0x0000003303300000,0x0000003303400000] [id=4796]
  0x000001a11b1aa880 GCTaskThread "GC Thread#6" [stack: 0x0000003303400000,0x0000003303500000] [id=9332]
  0x000001a11b1ab340 GCTaskThread "GC Thread#7" [stack: 0x0000003303500000,0x0000003303600000] [id=22196]
  0x000001a11b425150 GCTaskThread "GC Thread#8" [stack: 0x0000003303d00000,0x0000003303e00000] [id=10608]
  0x000001a11b3e5e90 GCTaskThread "GC Thread#9" [stack: 0x0000003303e00000,0x0000003303f00000] [id=21080]
  0x000001a11b407f40 GCTaskThread "GC Thread#10" [stack: 0x0000003303f00000,0x0000003304000000] [id=22356]
  0x000001a11b5bc610 GCTaskThread "GC Thread#11" [stack: 0x0000003303600000,0x0000003303700000] [id=4728]
  0x000001a11b5bb8a0 GCTaskThread "GC Thread#12" [stack: 0x0000003304300000,0x0000003304400000] [id=12672]
  0x000001a11b5bce20 GCTaskThread "GC Thread#13" [stack: 0x0000003304400000,0x0000003304500000] [id=22056]
  0x000001a11b5bc8c0 GCTaskThread "GC Thread#14" [stack: 0x0000003304500000,0x0000003304600000] [id=11032]
  0x000001a10a0cccf0 ConcurrentGCThread "G1 Main Marker" [stack: 0x0000003301c00000,0x0000003301d00000] [id=7756]
  0x000001a10a0ce5c0 ConcurrentGCThread "G1 Conc#0" [stack: 0x0000003301d00000,0x0000003301e00000] [id=17888]
  0x000001a11b3e1f40 ConcurrentGCThread "G1 Conc#1" [stack: 0x0000003304000000,0x0000003304100000] [id=4720]
  0x000001a11b3fb3b0 ConcurrentGCThread "G1 Conc#2" [stack: 0x0000003304100000,0x0000003304200000] [id=14920]
  0x000001a11b45e970 ConcurrentGCThread "G1 Conc#3" [stack: 0x0000003304200000,0x0000003304300000] [id=20716]
  0x000001a10a13ec20 ConcurrentGCThread "G1 Refine#0" [stack: 0x0000003301e00000,0x0000003301f00000] [id=17772]
  0x000001a11c30e880 ConcurrentGCThread "G1 Refine#1" [stack: 0x0000003307200000,0x0000003307300000] [id=11292]
  0x000001a11c1b4710 ConcurrentGCThread "G1 Refine#2" [stack: 0x0000003307300000,0x0000003307400000] [id=5044]
  0x000001a11bd3e860 ConcurrentGCThread "G1 Refine#3" [stack: 0x0000003307400000,0x0000003307500000] [id=4916]
  0x000001a11bd0adb0 ConcurrentGCThread "G1 Refine#4" [stack: 0x0000003307500000,0x0000003307600000] [id=2620]
  0x000001a11cc0d4b0 ConcurrentGCThread "G1 Refine#5" [stack: 0x0000003307900000,0x0000003307a00000] [id=14960]
  0x000001a11ad90550 ConcurrentGCThread "G1 Refine#6" [stack: 0x0000003307a00000,0x0000003307b00000] [id=5820]
  0x000001a11ad8ff90 ConcurrentGCThread "G1 Refine#7" [stack: 0x0000003307b00000,0x0000003307c00000] [id=2572]
  0x000001a11ad90b10 ConcurrentGCThread "G1 Refine#8" [stack: 0x0000003307c00000,0x0000003307d00000] [id=7844]
  0x000001a11ad8f9d0 ConcurrentGCThread "G1 Refine#9" [stack: 0x0000003307d00000,0x0000003307e00000] [id=19812]
  0x000001a11ad8fcb0 ConcurrentGCThread "G1 Refine#10" [stack: 0x0000003307e00000,0x0000003307f00000] [id=5004]
  0x000001a11ad90270 ConcurrentGCThread "G1 Refine#11" [stack: 0x0000003303900000,0x0000003303a00000] [id=7292]
  0x000001a11ab96dc0 ConcurrentGCThread "G1 Refine#12" [stack: 0x0000003303a00000,0x0000003303b00000] [id=3180]
  0x000001a115c9af90 ConcurrentGCThread "G1 Service" [stack: 0x0000003301f00000,0x0000003302000000] [id=4660]

Threads with active compile tasks:

VM state: at safepoint (normal execution)

VM Mutex/Monitor currently owned by a thread:  ([mutex/lock_event])
[0x000001a107c90770] Threads_lock - owner thread: 0x000001a11a02d020
[0x000001a107c8c2e0] Heap_lock - owner thread: 0x000001a11b997080

Heap address: 0x00000000c0000000, size: 1024 MB, Compressed Oops mode: 32-bit

CDS archive(s) not mapped
Compressed class space mapped at: 0x0000000100000000-0x0000000140000000, reserved size: 1073741824
Narrow klass base: 0x0000000000000000, Narrow klass shift: 3, Narrow klass range: 0x140000000

GC Precious Log:
 CPUs: 20 total, 20 available
 Memory: 16053M
 Large Page Support: Disabled
 NUMA Support: Disabled
 Compressed Oops: Enabled (32-bit)
 Heap Region Size: 1M
 Heap Min Capacity: 8M
 Heap Initial Capacity: 252M
 Heap Max Capacity: 1G
 Pre-touch: Disabled
 Parallel Workers: 15
 Concurrent Workers: 4
 Concurrent Refinement Workers: 15
 Periodic GC: Disabled

Heap:
 garbage-first heap   total 133120K, used 39653K [0x00000000c0000000, 0x0000000100000000)
  region size 1024K, 1 young (1024K), 0 survivors (0K)
 Metaspace       used 73210K, committed 74048K, reserved 1114112K
  class space    used 9952K, committed 10240K, reserved 1048576K

Heap Regions: E=young(eden), S=young(survivor), O=old, HS=humongous(starts), HC=humongous(continues), CS=collection set, F=free, OA=open archive, CA=closed archive, TAMS=top-at-mark-start (previous, next)
|   0|0x00000000c0000000, 0x00000000c0100000, 0x00000000c0100000|100%|HS|  |TAMS 0x00000000c0100000, 0x00000000c0000000| Untracked 
|   1|0x00000000c0100000, 0x00000000c0200000, 0x00000000c0200000|100%| O|  |TAMS 0x00000000c0200000, 0x00000000c0100000| Untracked 
|   2|0x00000000c0200000, 0x00000000c02ffff0, 0x00000000c0300000| 99%| O|  |TAMS 0x00000000c02ffff0, 0x00000000c0200000| Untracked 
|   3|0x00000000c0300000, 0x00000000c03ffe30, 0x00000000c0400000| 99%| O|  |TAMS 0x00000000c03ffe30, 0x00000000c0300000| Untracked 
|   4|0x00000000c0400000, 0x00000000c04fffe8, 0x00000000c0500000| 99%| O|  |TAMS 0x00000000c04fffe8, 0x00000000c0400000| Untracked 
|   5|0x00000000c0500000, 0x00000000c05ffff0, 0x00000000c0600000| 99%| O|  |TAMS 0x00000000c05ffff0, 0x00000000c0500000| Untracked 
|   6|0x00000000c0600000, 0x00000000c06ffff8, 0x00000000c0700000| 99%| O|  |TAMS 0x00000000c06ffff8, 0x00000000c0600000| Untracked 
|   7|0x00000000c0700000, 0x00000000c0800000, 0x00000000c0800000|100%| O|  |TAMS 0x00000000c0800000, 0x00000000c0700000| Untracked 
|   8|0x00000000c0800000, 0x00000000c08fffe0, 0x00000000c0900000| 99%| O|  |TAMS 0x00000000c08fffe0, 0x00000000c0800000| Untracked 
|   9|0x00000000c0900000, 0x00000000c0a00000, 0x00000000c0a00000|100%| O|  |TAMS 0x00000000c0a00000, 0x00000000c0900000| Untracked 
|  10|0x00000000c0a00000, 0x00000000c0afffe0, 0x00000000c0b00000| 99%| O|  |TAMS 0x00000000c0afffe0, 0x00000000c0a00000| Untracked 
|  11|0x00000000c0b00000, 0x00000000c0bfffb0, 0x00000000c0c00000| 99%| O|  |TAMS 0x00000000c0bfffb0, 0x00000000c0b00000| Untracked 
|  12|0x00000000c0c00000, 0x00000000c0cffff8, 0x00000000c0d00000| 99%| O|  |TAMS 0x00000000c0cffff8, 0x00000000c0c00000| Untracked 
|  13|0x00000000c0d00000, 0x00000000c0dfffe0, 0x00000000c0e00000| 99%| O|  |TAMS 0x00000000c0dfffe0, 0x00000000c0d00000| Untracked 
|  14|0x00000000c0e00000, 0x00000000c0f00000, 0x00000000c0f00000|100%| O|  |TAMS 0x00000000c0f00000, 0x00000000c0e00000| Untracked 
|  15|0x00000000c0f00000, 0x00000000c0ffffd8, 0x00000000c1000000| 99%| O|  |TAMS 0x00000000c0ffffd8, 0x00000000c0f00000| Untracked 
|  16|0x00000000c1000000, 0x00000000c10fffd0, 0x00000000c1100000| 99%| O|  |TAMS 0x00000000c10fffd0, 0x00000000c1000000| Untracked 
|  17|0x00000000c1100000, 0x00000000c11ffff0, 0x00000000c1200000| 99%| O|  |TAMS 0x00000000c11ffff0, 0x00000000c1100000| Untracked 
|  18|0x00000000c1200000, 0x00000000c12ffff8, 0x00000000c1300000| 99%| O|  |TAMS 0x00000000c12ffff8, 0x00000000c1200000| Untracked 
|  19|0x00000000c1300000, 0x00000000c13fffa8, 0x00000000c1400000| 99%| O|  |TAMS 0x00000000c13fffa8, 0x00000000c1300000| Untracked 
|  20|0x00000000c1400000, 0x00000000c1500000, 0x00000000c1500000|100%| O|  |TAMS 0x00000000c1500000, 0x00000000c1400000| Untracked 
|  21|0x00000000c1500000, 0x00000000c15fffd0, 0x00000000c1600000| 99%| O|  |TAMS 0x00000000c15fffd0, 0x00000000c1500000| Untracked 
|  22|0x00000000c1600000, 0x00000000c16fffe8, 0x00000000c1700000| 99%| O|  |TAMS 0x00000000c16fffe8, 0x00000000c1600000| Untracked 
|  23|0x00000000c1700000, 0x00000000c17ffff0, 0x00000000c1800000| 99%| O|  |TAMS 0x00000000c17ffff0, 0x00000000c1700000| Untracked 
|  24|0x00000000c1800000, 0x00000000c18ffff8, 0x00000000c1900000| 99%| O|  |TAMS 0x00000000c18ffff8, 0x00000000c1800000| Untracked 
|  25|0x00000000c1900000, 0x00000000c19ffff0, 0x00000000c1a00000| 99%| O|  |TAMS 0x00000000c19ffff0, 0x00000000c1900000| Untracked 
|  26|0x00000000c1a00000, 0x00000000c1affff0, 0x00000000c1b00000| 99%| O|  |TAMS 0x00000000c1affff0, 0x00000000c1a00000| Untracked 
|  27|0x00000000c1b00000, 0x00000000c1bfcea0, 0x00000000c1c00000| 98%| O|  |TAMS 0x00000000c1bfcea0, 0x00000000c1b00000| Untracked 
|  28|0x00000000c1c00000, 0x00000000c1cffff8, 0x00000000c1d00000| 99%| O|  |TAMS 0x00000000c1cffff8, 0x00000000c1c00000| Untracked 
|  29|0x00000000c1d00000, 0x00000000c1dfd8d8, 0x00000000c1e00000| 99%| O|  |TAMS 0x00000000c1dfd8d8, 0x00000000c1d00000| Untracked 
|  30|0x00000000c1e00000, 0x00000000c1f00000, 0x00000000c1f00000|100%| O|  |TAMS 0x00000000c1f00000, 0x00000000c1e00000| Untracked 
|  31|0x00000000c1f00000, 0x00000000c1ffffd8, 0x00000000c2000000| 99%| O|  |TAMS 0x00000000c1ffffd8, 0x00000000c1f00000| Untracked 
|  32|0x00000000c2000000, 0x00000000c20ff350, 0x00000000c2100000| 99%| O|  |TAMS 0x00000000c20ff350, 0x00000000c2000000| Untracked 
|  33|0x00000000c2100000, 0x00000000c21fffe8, 0x00000000c2200000| 99%| O|  |TAMS 0x00000000c21fffe8, 0x00000000c2100000| Untracked 
|  34|0x00000000c2200000, 0x00000000c22ffff8, 0x00000000c2300000| 99%| O|  |TAMS 0x00000000c22ffff8, 0x00000000c2200000| Untracked 
|  35|0x00000000c2300000, 0x00000000c23d2308, 0x00000000c2400000| 82%| O|  |TAMS 0x00000000c2300000, 0x00000000c2300000| Untracked 
|  36|0x00000000c2400000, 0x00000000c2400088, 0x00000000c2500000|  0%| O|  |TAMS 0x00000000c2400000, 0x00000000c2400000| Untracked 
|  37|0x00000000c2500000, 0x00000000c2500000, 0x00000000c2600000|  0%| F|  |TAMS 0x00000000c2500000, 0x00000000c2500000| Untracked 
|  38|0x00000000c2600000, 0x00000000c26ffff8, 0x00000000c2700000| 99%| O|  |TAMS 0x00000000c26ffff8, 0x00000000c2600000| Untracked 
|  39|0x00000000c2700000, 0x00000000c2700000, 0x00000000c2800000|  0%| F|  |TAMS 0x00000000c2700000, 0x00000000c2700000| Untracked 
|  40|0x00000000c2800000, 0x00000000c28f8620, 0x00000000c2900000| 97%| O|  |TAMS 0x00000000c28f8620, 0x00000000c2800000| Untracked 
|  41|0x00000000c2900000, 0x00000000c2900000, 0x00000000c2a00000|  0%| F|  |TAMS 0x00000000c2900000, 0x00000000c2900000| Untracked 
|  42|0x00000000c2a00000, 0x00000000c2a00000, 0x00000000c2b00000|  0%| F|  |TAMS 0x00000000c2a00000, 0x00000000c2a00000| Untracked 
|  43|0x00000000c2b00000, 0x00000000c2b00000, 0x00000000c2c00000|  0%| F|  |TAMS 0x00000000c2b00000, 0x00000000c2b00000| Untracked 
|  44|0x00000000c2c00000, 0x00000000c2c00000, 0x00000000c2d00000|  0%| F|  |TAMS 0x00000000c2c00000, 0x00000000c2c00000| Untracked 
|  45|0x00000000c2d00000, 0x00000000c2d00000, 0x00000000c2e00000|  0%| F|  |TAMS 0x00000000c2d00000, 0x00000000c2d00000| Untracked 
|  46|0x00000000c2e00000, 0x00000000c2e00000, 0x00000000c2f00000|  0%| F|  |TAMS 0x00000000c2e00000, 0x00000000c2e00000| Untracked 
|  47|0x00000000c2f00000, 0x00000000c2f00000, 0x00000000c3000000|  0%| F|  |TAMS 0x00000000c2f00000, 0x00000000c2f00000| Untracked 
|  48|0x00000000c3000000, 0x00000000c3000000, 0x00000000c3100000|  0%| F|  |TAMS 0x00000000c3000000, 0x00000000c3000000| Untracked 
|  49|0x00000000c3100000, 0x00000000c31f5548, 0x00000000c3200000| 95%| O|  |TAMS 0x00000000c31f5548, 0x00000000c3100000| Untracked 
|  50|0x00000000c3200000, 0x00000000c3200000, 0x00000000c3300000|  0%| F|  |TAMS 0x00000000c3200000, 0x00000000c3200000| Untracked 
|  51|0x00000000c3300000, 0x00000000c3300000, 0x00000000c3400000|  0%| F|  |TAMS 0x00000000c3300000, 0x00000000c3300000| Untracked 
|  52|0x00000000c3400000, 0x00000000c3400000, 0x00000000c3500000|  0%| F|  |TAMS 0x00000000c3400000, 0x00000000c3400000| Untracked 
|  53|0x00000000c3500000, 0x00000000c3500000, 0x00000000c3600000|  0%| F|  |TAMS 0x00000000c3500000, 0x00000000c3500000| Untracked 
|  54|0x00000000c3600000, 0x00000000c3600000, 0x00000000c3700000|  0%| F|  |TAMS 0x00000000c3600000, 0x00000000c3600000| Untracked 
|  55|0x00000000c3700000, 0x00000000c3700000, 0x00000000c3800000|  0%| F|  |TAMS 0x00000000c3700000, 0x00000000c3700000| Untracked 
|  56|0x00000000c3800000, 0x00000000c3800000, 0x00000000c3900000|  0%| F|  |TAMS 0x00000000c3800000, 0x00000000c3800000| Untracked 
|  57|0x00000000c3900000, 0x00000000c3900000, 0x00000000c3a00000|  0%| F|  |TAMS 0x00000000c3900000, 0x00000000c3900000| Untracked 
|  58|0x00000000c3a00000, 0x00000000c3a00000, 0x00000000c3b00000|  0%| F|  |TAMS 0x00000000c3a00000, 0x00000000c3a00000| Untracked 
|  59|0x00000000c3b00000, 0x00000000c3b00000, 0x00000000c3c00000|  0%| F|  |TAMS 0x00000000c3b00000, 0x00000000c3b00000| Untracked 
|  60|0x00000000c3c00000, 0x00000000c3c00000, 0x00000000c3d00000|  0%| F|  |TAMS 0x00000000c3c00000, 0x00000000c3c00000| Untracked 
|  61|0x00000000c3d00000, 0x00000000c3d00000, 0x00000000c3e00000|  0%| F|  |TAMS 0x00000000c3d00000, 0x00000000c3d00000| Untracked 
|  62|0x00000000c3e00000, 0x00000000c3e00000, 0x00000000c3f00000|  0%| F|  |TAMS 0x00000000c3e00000, 0x00000000c3e00000| Untracked 
|  63|0x00000000c3f00000, 0x00000000c3f00000, 0x00000000c4000000|  0%| F|  |TAMS 0x00000000c3f00000, 0x00000000c3f00000| Untracked 
|  64|0x00000000c4000000, 0x00000000c4000000, 0x00000000c4100000|  0%| F|  |TAMS 0x00000000c4000000, 0x00000000c4000000| Untracked 
|  65|0x00000000c4100000, 0x00000000c4100000, 0x00000000c4200000|  0%| F|  |TAMS 0x00000000c4100000, 0x00000000c4100000| Untracked 
|  66|0x00000000c4200000, 0x00000000c4200000, 0x00000000c4300000|  0%| F|  |TAMS 0x00000000c4200000, 0x00000000c4200000| Untracked 
|  67|0x00000000c4300000, 0x00000000c4300000, 0x00000000c4400000|  0%| F|  |TAMS 0x00000000c4300000, 0x00000000c4300000| Untracked 
|  68|0x00000000c4400000, 0x00000000c4400000, 0x00000000c4500000|  0%| F|  |TAMS 0x00000000c4400000, 0x00000000c4400000| Untracked 
|  69|0x00000000c4500000, 0x00000000c4500000, 0x00000000c4600000|  0%| F|  |TAMS 0x00000000c4500000, 0x00000000c4500000| Untracked 
|  70|0x00000000c4600000, 0x00000000c4600000, 0x00000000c4700000|  0%| F|  |TAMS 0x00000000c4600000, 0x00000000c4600000| Untracked 
|  71|0x00000000c4700000, 0x00000000c4700000, 0x00000000c4800000|  0%| F|  |TAMS 0x00000000c4700000, 0x00000000c4700000| Untracked 
|  72|0x00000000c4800000, 0x00000000c4800000, 0x00000000c4900000|  0%| F|  |TAMS 0x00000000c4800000, 0x00000000c4800000| Untracked 
|  73|0x00000000c4900000, 0x00000000c4900000, 0x00000000c4a00000|  0%| F|  |TAMS 0x00000000c4900000, 0x00000000c4900000| Untracked 
|  74|0x00000000c4a00000, 0x00000000c4a00000, 0x00000000c4b00000|  0%| F|  |TAMS 0x00000000c4a00000, 0x00000000c4a00000| Untracked 
|  75|0x00000000c4b00000, 0x00000000c4b00000, 0x00000000c4c00000|  0%| F|  |TAMS 0x00000000c4b00000, 0x00000000c4b00000| Untracked 
|  76|0x00000000c4c00000, 0x00000000c4c00000, 0x00000000c4d00000|  0%| F|  |TAMS 0x00000000c4c00000, 0x00000000c4c00000| Untracked 
|  77|0x00000000c4d00000, 0x00000000c4d00000, 0x00000000c4e00000|  0%| F|  |TAMS 0x00000000c4d00000, 0x00000000c4d00000| Untracked 
|  78|0x00000000c4e00000, 0x00000000c4e00000, 0x00000000c4f00000|  0%| F|  |TAMS 0x00000000c4e00000, 0x00000000c4e00000| Untracked 
|  79|0x00000000c4f00000, 0x00000000c4f00000, 0x00000000c5000000|  0%| F|  |TAMS 0x00000000c4f00000, 0x00000000c4f00000| Untracked 
|  80|0x00000000c5000000, 0x00000000c5000000, 0x00000000c5100000|  0%| F|  |TAMS 0x00000000c5000000, 0x00000000c5000000| Untracked 
|  81|0x00000000c5100000, 0x00000000c5100000, 0x00000000c5200000|  0%| F|  |TAMS 0x00000000c5100000, 0x00000000c5100000| Untracked 
|  82|0x00000000c5200000, 0x00000000c5200000, 0x00000000c5300000|  0%| F|  |TAMS 0x00000000c5200000, 0x00000000c5200000| Untracked 
|  83|0x00000000c5300000, 0x00000000c5300000, 0x00000000c5400000|  0%| F|  |TAMS 0x00000000c5300000, 0x00000000c5300000| Untracked 
|  84|0x00000000c5400000, 0x00000000c5400000, 0x00000000c5500000|  0%| F|  |TAMS 0x00000000c5400000, 0x00000000c5400000| Untracked 
|  85|0x00000000c5500000, 0x00000000c5500000, 0x00000000c5600000|  0%| F|  |TAMS 0x00000000c5500000, 0x00000000c5500000| Untracked 
|  86|0x00000000c5600000, 0x00000000c5600000, 0x00000000c5700000|  0%| F|  |TAMS 0x00000000c5600000, 0x00000000c5600000| Untracked 
|  87|0x00000000c5700000, 0x00000000c5700000, 0x00000000c5800000|  0%| F|  |TAMS 0x00000000c5700000, 0x00000000c5700000| Untracked 
|  88|0x00000000c5800000, 0x00000000c5800000, 0x00000000c5900000|  0%| F|  |TAMS 0x00000000c5800000, 0x00000000c5800000| Untracked 
|  89|0x00000000c5900000, 0x00000000c5900000, 0x00000000c5a00000|  0%| F|  |TAMS 0x00000000c5900000, 0x00000000c5900000| Untracked 
|  90|0x00000000c5a00000, 0x00000000c5a00000, 0x00000000c5b00000|  0%| F|  |TAMS 0x00000000c5a00000, 0x00000000c5a00000| Untracked 
|  91|0x00000000c5b00000, 0x00000000c5b00000, 0x00000000c5c00000|  0%| F|  |TAMS 0x00000000c5b00000, 0x00000000c5b00000| Untracked 
|  92|0x00000000c5c00000, 0x00000000c5c00000, 0x00000000c5d00000|  0%| F|  |TAMS 0x00000000c5c00000, 0x00000000c5c00000| Untracked 
|  93|0x00000000c5d00000, 0x00000000c5d00000, 0x00000000c5e00000|  0%| F|  |TAMS 0x00000000c5d00000, 0x00000000c5d00000| Untracked 
|  94|0x00000000c5e00000, 0x00000000c5e00000, 0x00000000c5f00000|  0%| F|  |TAMS 0x00000000c5e00000, 0x00000000c5e00000| Untracked 
|  95|0x00000000c5f00000, 0x00000000c5f00000, 0x00000000c6000000|  0%| F|  |TAMS 0x00000000c5f00000, 0x00000000c5f00000| Untracked 
|  96|0x00000000c6000000, 0x00000000c6000000, 0x00000000c6100000|  0%| F|  |TAMS 0x00000000c6000000, 0x00000000c6000000| Untracked 
|  97|0x00000000c6100000, 0x00000000c6100000, 0x00000000c6200000|  0%| F|  |TAMS 0x00000000c6100000, 0x00000000c6100000| Untracked 
|  98|0x00000000c6200000, 0x00000000c6200000, 0x00000000c6300000|  0%| F|  |TAMS 0x00000000c6200000, 0x00000000c6200000| Untracked 
|  99|0x00000000c6300000, 0x00000000c6300000, 0x00000000c6400000|  0%| F|  |TAMS 0x00000000c6300000, 0x00000000c6300000| Untracked 
| 100|0x00000000c6400000, 0x00000000c6400000, 0x00000000c6500000|  0%| F|  |TAMS 0x00000000c6400000, 0x00000000c6400000| Untracked 
| 101|0x00000000c6500000, 0x00000000c6500000, 0x00000000c6600000|  0%| F|  |TAMS 0x00000000c6500000, 0x00000000c6500000| Untracked 
| 102|0x00000000c6600000, 0x00000000c6600000, 0x00000000c6700000|  0%| F|  |TAMS 0x00000000c6600000, 0x00000000c6600000| Untracked 
| 103|0x00000000c6700000, 0x00000000c6700000, 0x00000000c6800000|  0%| F|  |TAMS 0x00000000c6700000, 0x00000000c6700000| Untracked 
| 104|0x00000000c6800000, 0x00000000c6800000, 0x00000000c6900000|  0%| F|  |TAMS 0x00000000c6800000, 0x00000000c6800000| Untracked 
| 105|0x00000000c6900000, 0x00000000c6900000, 0x00000000c6a00000|  0%| F|  |TAMS 0x00000000c6900000, 0x00000000c6900000| Untracked 
| 106|0x00000000c6a00000, 0x00000000c6a00000, 0x00000000c6b00000|  0%| F|  |TAMS 0x00000000c6a00000, 0x00000000c6a00000| Untracked 
| 107|0x00000000c6b00000, 0x00000000c6b00000, 0x00000000c6c00000|  0%| F|  |TAMS 0x00000000c6b00000, 0x00000000c6b00000| Untracked 
| 108|0x00000000c6c00000, 0x00000000c6c00000, 0x00000000c6d00000|  0%| F|  |TAMS 0x00000000c6c00000, 0x00000000c6c00000| Untracked 
| 109|0x00000000c6d00000, 0x00000000c6d00000, 0x00000000c6e00000|  0%| F|  |TAMS 0x00000000c6d00000, 0x00000000c6d00000| Untracked 
| 110|0x00000000c6e00000, 0x00000000c6e00000, 0x00000000c6f00000|  0%| F|  |TAMS 0x00000000c6e00000, 0x00000000c6e00000| Untracked 
| 111|0x00000000c6f00000, 0x00000000c6f00000, 0x00000000c7000000|  0%| F|  |TAMS 0x00000000c6f00000, 0x00000000c6f00000| Untracked 
| 112|0x00000000c7000000, 0x00000000c7000000, 0x00000000c7100000|  0%| F|  |TAMS 0x00000000c7000000, 0x00000000c7000000| Untracked 
| 113|0x00000000c7100000, 0x00000000c7100000, 0x00000000c7200000|  0%| F|  |TAMS 0x00000000c7100000, 0x00000000c7100000| Untracked 
| 114|0x00000000c7200000, 0x00000000c7200000, 0x00000000c7300000|  0%| F|  |TAMS 0x00000000c7200000, 0x00000000c7200000| Untracked 
| 115|0x00000000c7300000, 0x00000000c7300000, 0x00000000c7400000|  0%| F|  |TAMS 0x00000000c7300000, 0x00000000c7300000| Untracked 
| 116|0x00000000c7400000, 0x00000000c7400000, 0x00000000c7500000|  0%| F|  |TAMS 0x00000000c7400000, 0x00000000c7400000| Untracked 
| 117|0x00000000c7500000, 0x00000000c7500000, 0x00000000c7600000|  0%| F|  |TAMS 0x00000000c7500000, 0x00000000c7500000| Untracked 
| 118|0x00000000c7600000, 0x00000000c7600000, 0x00000000c7700000|  0%| F|  |TAMS 0x00000000c7600000, 0x00000000c7600000| Untracked 
| 119|0x00000000c7700000, 0x00000000c7700000, 0x00000000c7800000|  0%| F|  |TAMS 0x00000000c7700000, 0x00000000c7700000| Untracked 
| 120|0x00000000c7800000, 0x00000000c7800000, 0x00000000c7900000|  0%| F|  |TAMS 0x00000000c7800000, 0x00000000c7800000| Untracked 
| 121|0x00000000c7900000, 0x00000000c7900000, 0x00000000c7a00000|  0%| F|  |TAMS 0x00000000c7900000, 0x00000000c7900000| Untracked 
| 122|0x00000000c7a00000, 0x00000000c7a00000, 0x00000000c7b00000|  0%| F|  |TAMS 0x00000000c7a00000, 0x00000000c7a00000| Untracked 
| 123|0x00000000c7b00000, 0x00000000c7b00000, 0x00000000c7c00000|  0%| F|  |TAMS 0x00000000c7b00000, 0x00000000c7b00000| Untracked 
| 124|0x00000000c7c00000, 0x00000000c7c00000, 0x00000000c7d00000|  0%| F|  |TAMS 0x00000000c7c00000, 0x00000000c7c00000| Untracked 
| 125|0x00000000c7d00000, 0x00000000c7d00000, 0x00000000c7e00000|  0%| F|  |TAMS 0x00000000c7d00000, 0x00000000c7d00000| Untracked 
| 126|0x00000000c7e00000, 0x00000000c7e00000, 0x00000000c7f00000|  0%| F|  |TAMS 0x00000000c7e00000, 0x00000000c7e00000| Untracked 
| 127|0x00000000c7f00000, 0x00000000c7f00000, 0x00000000c8000000|  0%| F|  |TAMS 0x00000000c7f00000, 0x00000000c7f00000| Untracked 
| 128|0x00000000c8000000, 0x00000000c8000000, 0x00000000c8100000|  0%| F|  |TAMS 0x00000000c8000000, 0x00000000c8000000| Untracked 
| 129|0x00000000c8100000, 0x00000000c8169560, 0x00000000c8200000| 41%| E|  |TAMS 0x00000000c8100000, 0x00000000c8100000| Complete 

Card table byte_map: [0x000001a110790000,0x000001a110990000] _byte_map_base: 0x000001a110190000

Marking Bits (Prev, Next): (CMBitMap*) 0x000001a10a0c42a0, (CMBitMap*) 0x000001a10a0c4260
 Prev Bits: [0x000001a111b90000, 0x000001a112b90000)
 Next Bits: [0x000001a110b90000, 0x000001a111b90000)

Polling page: 0x000001a108060000

Metaspace:

Usage:
  Non-class:     61.78 MB used.
      Class:      9.72 MB used.
       Both:     71.49 MB used.

Virtual space:
  Non-class space:       64.00 MB reserved,      62.31 MB ( 97%) committed,  1 nodes.
      Class space:        1.00 GB reserved,      10.00 MB ( <1%) committed,  1 nodes.
             Both:        1.06 GB reserved,      72.31 MB (  7%) committed. 

Chunk freelists:
   Non-Class:  1.81 MB
       Class:  5.99 MB
        Both:  7.80 MB

MaxMetaspaceSize: unlimited
CompressedClassSpaceSize: 1.00 GB
Initial GC threshold: 21.00 MB
Current GC threshold: 120.56 MB
CDS: off
MetaspaceReclaimPolicy: balanced
 - commit_granule_bytes: 65536.
 - commit_granule_words: 8192.
 - virtual_space_node_default_size: 8388608.
 - enlarge_chunks_in_place: 1.
 - new_chunks_are_fully_committed: 0.
 - uncommit_free_chunks: 1.
 - use_allocation_guard: 0.
 - handle_deallocations: 1.


Internal statistics:

num_allocs_failed_limit: 8.
num_arena_births: 724.
num_arena_deaths: 232.
num_vsnodes_births: 2.
num_vsnodes_deaths: 0.
num_space_committed: 1157.
num_space_uncommitted: 0.
num_chunks_returned_to_freelist: 288.
num_chunks_taken_from_freelist: 3092.
num_chunk_merges: 99.
num_chunk_splits: 2223.
num_chunks_enlarged: 1711.
num_inconsistent_stats: 0.

CodeCache: size=49152Kb used=19340Kb max_used=20339Kb free=29812Kb
 bounds [0x000001a10cd00000, 0x000001a10e100000, 0x000001a10fd00000]
 total_blobs=11404 nmethods=10732 adapters=599
 compilation: enabled
              stopped_count=0, restarted_count=0
 full_count=0

Compilation events (20 events):
Event: 2965.604 Thread 0x000001a11a0705c0 nmethod 10909 0x000001a10ddcf790 code [0x000001a10ddcf920, 0x000001a10ddcfa88]
Event: 2965.604 Thread 0x000001a11a0705c0 10910       1       java.lang.ProcessImpl$2::<init> (20 bytes)
Event: 2965.604 Thread 0x000001a11a0705c0 nmethod 10910 0x000001a10ddcf410 code [0x000001a10ddcf5a0, 0x000001a10ddcf718]
Event: 2965.604 Thread 0x000001a11a0705c0 10911       1       java.lang.ProcessImpl$2::run (5 bytes)
Event: 2965.604 Thread 0x000001a11a0705c0 nmethod 10911 0x000001a10ddcf110 code [0x000001a10ddcf2a0, 0x000001a10ddcf388]
Event: 2965.604 Thread 0x000001a11a0705c0 10912       1       java.lang.ProcessImpl$2::run (242 bytes)
Event: 2965.606 Thread 0x000001a11a0705c0 nmethod 10912 0x000001a10e0e9210 code [0x000001a10e0e94c0, 0x000001a10e0ea258]
Event: 2965.606 Thread 0x000001a11a0705c0 10913       1       java.lang.ProcessImpl::waitFor (136 bytes)
Event: 2965.606 Thread 0x000001a11a266730 nmethod 10903 0x000001a10e0e6a90 code [0x000001a10e0e6ee0, 0x000001a10e0e8298]
Event: 2965.607 Thread 0x000001a11a0705c0 nmethod 10913 0x000001a10ddce890 code [0x000001a10ddceaa0, 0x000001a10ddceeb8]
Event: 2965.731 Thread 0x000001a11a266730 10915   !   1       java.io.FilterOutputStream::close (183 bytes)
Event: 2965.754 Thread 0x000001a11a0705c0 10917       1       java.lang.ProcessImpl$$Lambda$1295/0x00000001007d9890::run (8 bytes)
Event: 2965.754 Thread 0x000001a11a0705c0 nmethod 10917 0x000001a10ddcdd90 code [0x000001a10ddcdf20, 0x000001a10ddce008]
Event: 2965.754 Thread 0x000001a11a0705c0 10918       1       java.lang.ProcessImpl::lambda$new$0 (6 bytes)
Event: 2965.754 Thread 0x000001a11a0705c0 nmethod 10918 0x000001a10e0e6790 code [0x000001a10e0e6920, 0x000001a10e0e69e8]
Event: 2965.755 Thread 0x000001a11a266730 nmethod 10915 0x000001a10e0e5e10 code [0x000001a10e0e6020, 0x000001a10e0e64f8]
Event: 4602.409 Thread 0x000001a11a0705c0 10920   !   1       java.util.concurrent.ThreadPoolExecutor::runWorker (187 bytes)
Event: 4602.428 Thread 0x000001a11a0705c0 nmethod 10920 0x000001a10e0e4f90 code [0x000001a10e0e51e0, 0x000001a10e0e58d8]
Event: 5603.866 Thread 0x000001a11a0705c0 10921   !   1       java.util.concurrent.CompletableFuture$UniAccept::tryFire (149 bytes)
Event: 5603.891 Thread 0x000001a11a0705c0 nmethod 10921 0x000001a10e0e3610 code [0x000001a10e0e3920, 0x000001a10e0e47e8]

GC Heap History (20 events):
Event: 81635.224 GC heap before
{Heap before GC invocations=8072 (full 8003):
 garbage-first heap   total 133120K, used 39653K [0x00000000c0000000, 0x0000000100000000)
  region size 1024K, 1 young (1024K), 0 survivors (0K)
 Metaspace       used 73210K, committed 74048K, reserved 1114112K
  class space    used 9952K, committed 10240K, reserved 1048576K
}
Event: 81635.264 GC heap after
{Heap after GC invocations=8073 (full 8004):
 garbage-first heap   total 133120K, used 39653K [0x00000000c0000000, 0x0000000100000000)
  region size 1024K, 0 young (0K), 0 survivors (0K)
 Metaspace       used 73210K, committed 74048K, reserved 1114112K
  class space    used 9952K, committed 10240K, reserved 1048576K
}
Event: 81645.508 GC heap before
{Heap before GC invocations=8073 (full 8004):
 garbage-first heap   total 133120K, used 39653K [0x00000000c0000000, 0x0000000100000000)
  region size 1024K, 1 young (1024K), 0 survivors (0K)
 Metaspace       used 73210K, committed 74048K, reserved 1114112K
  class space    used 9952K, committed 10240K, reserved 1048576K
}
Event: 81645.549 GC heap after
{Heap after GC invocations=8074 (full 8005):
 garbage-first heap   total 133120K, used 39653K [0x00000000c0000000, 0x0000000100000000)
  region size 1024K, 0 young (0K), 0 survivors (0K)
 Metaspace       used 73210K, committed 74048K, reserved 1114112K
  class space    used 9952K, committed 10240K, reserved 1048576K
}
Event: 81655.840 GC heap before
{Heap before GC invocations=8074 (full 8005):
 garbage-first heap   total 133120K, used 39653K [0x00000000c0000000, 0x0000000100000000)
  region size 1024K, 1 young (1024K), 0 survivors (0K)
 Metaspace       used 73210K, committed 74048K, reserved 1114112K
  class space    used 9952K, committed 10240K, reserved 1048576K
}
Event: 81655.889 GC heap after
{Heap after GC invocations=8075 (full 8006):
 garbage-first heap   total 133120K, used 39653K [0x00000000c0000000, 0x0000000100000000)
  region size 1024K, 0 young (0K), 0 survivors (0K)
 Metaspace       used 73210K, committed 74048K, reserved 1114112K
  class space    used 9952K, committed 10240K, reserved 1048576K
}
Event: 81666.096 GC heap before
{Heap before GC invocations=8075 (full 8006):
 garbage-first heap   total 133120K, used 39653K [0x00000000c0000000, 0x0000000100000000)
  region size 1024K, 1 young (1024K), 0 survivors (0K)
 Metaspace       used 73210K, committed 74048K, reserved 1114112K
  class space    used 9952K, committed 10240K, reserved 1048576K
}
Event: 81666.136 GC heap after
{Heap after GC invocations=8076 (full 8007):
 garbage-first heap   total 133120K, used 39653K [0x00000000c0000000, 0x0000000100000000)
  region size 1024K, 0 young (0K), 0 survivors (0K)
 Metaspace       used 73210K, committed 74048K, reserved 1114112K
  class space    used 9952K, committed 10240K, reserved 1048576K
}
Event: 81676.426 GC heap before
{Heap before GC invocations=8076 (full 8007):
 garbage-first heap   total 133120K, used 39653K [0x00000000c0000000, 0x0000000100000000)
  region size 1024K, 1 young (1024K), 0 survivors (0K)
 Metaspace       used 73210K, committed 74048K, reserved 1114112K
  class space    used 9952K, committed 10240K, reserved 1048576K
}
Event: 81676.472 GC heap after
{Heap after GC invocations=8077 (full 8008):
 garbage-first heap   total 133120K, used 39653K [0x00000000c0000000, 0x0000000100000000)
  region size 1024K, 0 young (0K), 0 survivors (0K)
 Metaspace       used 73210K, committed 74048K, reserved 1114112K
  class space    used 9952K, committed 10240K, reserved 1048576K
}
Event: 81686.769 GC heap before
{Heap before GC invocations=8077 (full 8008):
 garbage-first heap   total 133120K, used 39653K [0x00000000c0000000, 0x0000000100000000)
  region size 1024K, 1 young (1024K), 0 survivors (0K)
 Metaspace       used 73210K, committed 74048K, reserved 1114112K
  class space    used 9952K, committed 10240K, reserved 1048576K
}
Event: 81686.817 GC heap after
{Heap after GC invocations=8078 (full 8009):
 garbage-first heap   total 133120K, used 39653K [0x00000000c0000000, 0x0000000100000000)
  region size 1024K, 0 young (0K), 0 survivors (0K)
 Metaspace       used 73210K, committed 74048K, reserved 1114112K
  class space    used 9952K, committed 10240K, reserved 1048576K
}
Event: 81697.023 GC heap before
{Heap before GC invocations=8078 (full 8009):
 garbage-first heap   total 133120K, used 39653K [0x00000000c0000000, 0x0000000100000000)
  region size 1024K, 1 young (1024K), 0 survivors (0K)
 Metaspace       used 73210K, committed 74048K, reserved 1114112K
  class space    used 9952K, committed 10240K, reserved 1048576K
}
Event: 81697.067 GC heap after
{Heap after GC invocations=8079 (full 8010):
 garbage-first heap   total 133120K, used 39653K [0x00000000c0000000, 0x0000000100000000)
  region size 1024K, 0 young (0K), 0 survivors (0K)
 Metaspace       used 73210K, committed 74048K, reserved 1114112K
  class space    used 9952K, committed 10240K, reserved 1048576K
}
Event: 81707.274 GC heap before
{Heap before GC invocations=8079 (full 8010):
 garbage-first heap   total 133120K, used 39653K [0x00000000c0000000, 0x0000000100000000)
  region size 1024K, 1 young (1024K), 0 survivors (0K)
 Metaspace       used 73210K, committed 74048K, reserved 1114112K
  class space    used 9952K, committed 10240K, reserved 1048576K
}
Event: 81707.316 GC heap after
{Heap after GC invocations=8080 (full 8011):
 garbage-first heap   total 133120K, used 39653K [0x00000000c0000000, 0x0000000100000000)
  region size 1024K, 0 young (0K), 0 survivors (0K)
 Metaspace       used 73210K, committed 74048K, reserved 1114112K
  class space    used 9952K, committed 10240K, reserved 1048576K
}
Event: 81717.569 GC heap before
{Heap before GC invocations=8080 (full 8011):
 garbage-first heap   total 133120K, used 39653K [0x00000000c0000000, 0x0000000100000000)
  region size 1024K, 1 young (1024K), 0 survivors (0K)
 Metaspace       used 73210K, committed 74048K, reserved 1114112K
  class space    used 9952K, committed 10240K, reserved 1048576K
}
Event: 81717.617 GC heap after
{Heap after GC invocations=8081 (full 8012):
 garbage-first heap   total 133120K, used 39653K [0x00000000c0000000, 0x0000000100000000)
  region size 1024K, 0 young (0K), 0 survivors (0K)
 Metaspace       used 73210K, committed 74048K, reserved 1114112K
  class space    used 9952K, committed 10240K, reserved 1048576K
}
Event: 81727.773 GC heap before
{Heap before GC invocations=8081 (full 8012):
 garbage-first heap   total 133120K, used 39653K [0x00000000c0000000, 0x0000000100000000)
  region size 1024K, 1 young (1024K), 0 survivors (0K)
 Metaspace       used 73210K, committed 74048K, reserved 1114112K
  class space    used 9952K, committed 10240K, reserved 1048576K
}
Event: 81727.812 GC heap after
{Heap after GC invocations=8082 (full 8013):
 garbage-first heap   total 133120K, used 39653K [0x00000000c0000000, 0x0000000100000000)
  region size 1024K, 0 young (0K), 0 survivors (0K)
 Metaspace       used 73210K, committed 74048K, reserved 1114112K
  class space    used 9952K, committed 10240K, reserved 1048576K
}

Dll operation events (10 events):
Event: 0.012 Loaded shared library c:\Users\ftamayor\.vscode\extensions\redhat.java-1.19.0-win32-x64\jre\17.0.7-win32-x86_64\bin\java.dll
Event: 0.132 Loaded shared library C:\Users\ftamayor\.vscode\extensions\redhat.java-1.19.0-win32-x64\jre\17.0.7-win32-x86_64\bin\net.dll
Event: 0.133 Loaded shared library C:\Users\ftamayor\.vscode\extensions\redhat.java-1.19.0-win32-x64\jre\17.0.7-win32-x86_64\bin\nio.dll
Event: 0.474 Loaded shared library C:\Users\ftamayor\.vscode\extensions\redhat.java-1.19.0-win32-x64\jre\17.0.7-win32-x86_64\bin\zip.dll
Event: 7.233 Loaded shared library C:\Users\ftamayor\.vscode\extensions\redhat.java-1.19.0-win32-x64\jre\17.0.7-win32-x86_64\bin\jimage.dll
Event: 12.478 Loaded shared library C:\Users\ftamayor\.vscode\extensions\redhat.java-1.19.0-win32-x64\jre\17.0.7-win32-x86_64\bin\management.dll
Event: 12.480 Loaded shared library C:\Users\ftamayor\.vscode\extensions\redhat.java-1.19.0-win32-x64\jre\17.0.7-win32-x86_64\bin\management_ext.dll
Event: 14.006 Loaded shared library C:\Users\ftamayor\.vscode\extensions\redhat.java-1.19.0-win32-x64\jre\17.0.7-win32-x86_64\bin\sunmscapi.dll
Event: 18.505 Loaded shared library c:\Users\ftamayor\.vscode\extensions\redhat.java-1.19.0-win32-x64\jre\17.0.7-win32-x86_64\bin\verify.dll
Event: 21.300 Loaded shared library C:\Users\ftamayor\AppData\Local\Temp\snappy-1.1.8-103be5e1-acfa-44c1-8548-25d88ecc5862-snappyjava.dll

Deoptimization events (20 events):
Event: 144.696 Thread 0x000001a11bc73350 DEOPT PACKING pc=0x000001a10d983644 sp=0x00000033071fe820
Event: 144.696 Thread 0x000001a11bc73350 DEOPT UNPACKING pc=0x000001a10cd57143 sp=0x00000033071fdd00 mode 0
Event: 144.696 Thread 0x000001a11bc73350 DEOPT PACKING pc=0x000001a10d9875cc sp=0x00000033071fe8c0
Event: 144.696 Thread 0x000001a11bc73350 DEOPT UNPACKING pc=0x000001a10cd57143 sp=0x00000033071fdda0 mode 0
Event: 144.696 Thread 0x000001a11bc73350 DEOPT PACKING pc=0x000001a10d983644 sp=0x00000033071fe9e0
Event: 144.696 Thread 0x000001a11bc73350 DEOPT UNPACKING pc=0x000001a10cd57143 sp=0x00000033071fdec0 mode 0
Event: 144.696 Thread 0x000001a11bc73350 DEOPT PACKING pc=0x000001a10d9875cc sp=0x00000033071fea80
Event: 144.696 Thread 0x000001a11bc73350 DEOPT UNPACKING pc=0x000001a10cd57143 sp=0x00000033071fdf60 mode 0
Event: 144.697 Thread 0x000001a11bc73350 DEOPT PACKING pc=0x000001a10d983644 sp=0x00000033071fed30
Event: 144.697 Thread 0x000001a11bc73350 DEOPT UNPACKING pc=0x000001a10cd57143 sp=0x00000033071fe210 mode 0
Event: 144.697 Thread 0x000001a11bc73350 DEOPT PACKING pc=0x000001a10d9875cc sp=0x00000033071fedd0
Event: 144.697 Thread 0x000001a11bc73350 DEOPT UNPACKING pc=0x000001a10cd57143 sp=0x00000033071fe2b0 mode 0
Event: 173.282 Thread 0x000001a11ba9c0e0 DEOPT PACKING pc=0x000001a10daea41c sp=0x0000003304aff040
Event: 173.282 Thread 0x000001a11ba9c0e0 DEOPT UNPACKING pc=0x000001a10cd57143 sp=0x0000003304afe490 mode 0
Event: 173.362 Thread 0x000001a11bc73350 DEOPT PACKING pc=0x000001a10cf96836 sp=0x00000033071fd390
Event: 173.362 Thread 0x000001a11bc73350 DEOPT UNPACKING pc=0x000001a10cd57143 sp=0x00000033071fc888 mode 3
Event: 189.389 Thread 0x000001a11ba9a400 DEOPT PACKING pc=0x000001a10daea41c sp=0x0000003304ffeb90
Event: 189.389 Thread 0x000001a11ba9a400 DEOPT UNPACKING pc=0x000001a10cd57143 sp=0x0000003304ffdfe0 mode 0
Event: 297.383 Thread 0x000001a11b9983c0 DEOPT PACKING pc=0x000001a10d6d42d4 sp=0x00000033049fee70
Event: 297.383 Thread 0x000001a11b9983c0 DEOPT UNPACKING pc=0x000001a10cd57143 sp=0x00000033049fe2f8 mode 0

Classes unloaded (20 events):
Event: 283.179 Thread 0x000001a11a02d020 Unloading class 0x0000000100220800 'java/lang/invoke/LambdaForm$MH+0x0000000100220800'
Event: 283.179 Thread 0x000001a11a02d020 Unloading class 0x0000000100215000 'java/lang/invoke/LambdaForm$DMH+0x0000000100215000'
Event: 283.179 Thread 0x000001a11a02d020 Unloading class 0x0000000100091c00 'java/lang/invoke/LambdaForm$MH+0x0000000100091c00'
Event: 283.179 Thread 0x000001a11a02d020 Unloading class 0x0000000100091800 'java/lang/invoke/LambdaForm$MH+0x0000000100091800'
Event: 283.179 Thread 0x000001a11a02d020 Unloading class 0x0000000100091400 'java/lang/invoke/LambdaForm$MH+0x0000000100091400'
Event: 283.179 Thread 0x000001a11a02d020 Unloading class 0x0000000100091000 'java/lang/invoke/LambdaForm$MH+0x0000000100091000'
Event: 283.179 Thread 0x000001a11a02d020 Unloading class 0x0000000100090c00 'java/lang/invoke/LambdaForm$MH+0x0000000100090c00'
Event: 283.179 Thread 0x000001a11a02d020 Unloading class 0x0000000100090800 'java/lang/invoke/LambdaForm$MH+0x0000000100090800'
Event: 283.179 Thread 0x000001a11a02d020 Unloading class 0x0000000100090400 'java/lang/invoke/LambdaForm$MH+0x0000000100090400'
Event: 283.179 Thread 0x000001a11a02d020 Unloading class 0x0000000100090000 'java/lang/invoke/LambdaForm$MH+0x0000000100090000'
Event: 283.179 Thread 0x000001a11a02d020 Unloading class 0x000000010008b800 'java/lang/invoke/LambdaForm$MH+0x000000010008b800'
Event: 283.179 Thread 0x000001a11a02d020 Unloading class 0x000000010008b400 'java/lang/invoke/LambdaForm$MH+0x000000010008b400'
Event: 283.179 Thread 0x000001a11a02d020 Unloading class 0x000000010008b000 'java/lang/invoke/LambdaForm$MH+0x000000010008b000'
Event: 283.179 Thread 0x000001a11a02d020 Unloading class 0x000000010008ac00 'java/lang/invoke/LambdaForm$MH+0x000000010008ac00'
Event: 283.179 Thread 0x000001a11a02d020 Unloading class 0x000000010008a800 'java/lang/invoke/LambdaForm$MH+0x000000010008a800'
Event: 283.179 Thread 0x000001a11a02d020 Unloading class 0x000000010008a400 'java/lang/invoke/LambdaForm$MH+0x000000010008a400'
Event: 283.179 Thread 0x000001a11a02d020 Unloading class 0x0000000100089c00 'java/lang/invoke/LambdaForm$MH+0x0000000100089c00'
Event: 283.179 Thread 0x000001a11a02d020 Unloading class 0x0000000100089400 'java/lang/invoke/LambdaForm$MH+0x0000000100089400'
Event: 283.179 Thread 0x000001a11a02d020 Unloading class 0x0000000100088c00 'java/lang/invoke/LambdaForm$MH+0x0000000100088c00'
Event: 283.179 Thread 0x000001a11a02d020 Unloading class 0x0000000100088400 'java/lang/invoke/LambdaForm$MH+0x0000000100088400'

Classes redefined (0 events):
No events

Internal exceptions (20 events):
Event: 195.019 Thread 0x000001a11bc73350 Exception <a 'sun/nio/fs/WindowsException'{0x00000000ed11ad10}> (0x00000000ed11ad10) 
thrown [s\src\hotspot\share\prims\jni.cpp, line 516]
Event: 195.019 Thread 0x000001a11bc73350 Exception <a 'sun/nio/fs/WindowsException'{0x00000000ed11b748}> (0x00000000ed11b748) 
thrown [s\src\hotspot\share\prims\jni.cpp, line 516]
Event: 195.019 Thread 0x000001a11bc73350 Exception <a 'sun/nio/fs/WindowsException'{0x00000000ed11c130}> (0x00000000ed11c130) 
thrown [s\src\hotspot\share\prims\jni.cpp, line 516]
Event: 195.019 Thread 0x000001a11bc73350 Exception <a 'sun/nio/fs/WindowsException'{0x00000000ed11cb68}> (0x00000000ed11cb68) 
thrown [s\src\hotspot\share\prims\jni.cpp, line 516]
Event: 195.019 Thread 0x000001a11bc73350 Exception <a 'sun/nio/fs/WindowsException'{0x00000000ed11d668}> (0x00000000ed11d668) 
thrown [s\src\hotspot\share\prims\jni.cpp, line 516]
Event: 195.020 Thread 0x000001a11bc73350 Exception <a 'sun/nio/fs/WindowsException'{0x00000000ed11e1e8}> (0x00000000ed11e1e8) 
thrown [s\src\hotspot\share\prims\jni.cpp, line 516]
Event: 195.033 Thread 0x000001a11bc73350 Exception <a 'sun/nio/fs/WindowsException'{0x00000000ed01bbc8}> (0x00000000ed01bbc8) 
thrown [s\src\hotspot\share\prims\jni.cpp, line 516]
Event: 195.033 Thread 0x000001a11bc73350 Exception <a 'sun/nio/fs/WindowsException'{0x00000000ed01c600}> (0x00000000ed01c600) 
thrown [s\src\hotspot\share\prims\jni.cpp, line 516]
Event: 195.033 Thread 0x000001a11bc73350 Exception <a 'sun/nio/fs/WindowsException'{0x00000000ed01cfe8}> (0x00000000ed01cfe8) 
thrown [s\src\hotspot\share\prims\jni.cpp, line 516]
Event: 195.033 Thread 0x000001a11bc73350 Exception <a 'sun/nio/fs/WindowsException'{0x00000000ed01da20}> (0x00000000ed01da20) 
thrown [s\src\hotspot\share\prims\jni.cpp, line 516]
Event: 195.033 Thread 0x000001a11bc73350 Exception <a 'sun/nio/fs/WindowsException'{0x00000000ed01e520}> (0x00000000ed01e520) 
thrown [s\src\hotspot\share\prims\jni.cpp, line 516]
Event: 195.033 Thread 0x000001a11bc73350 Exception <a 'sun/nio/fs/WindowsException'{0x00000000ed01f0a0}> (0x00000000ed01f0a0) 
thrown [s\src\hotspot\share\prims\jni.cpp, line 516]
Event: 195.033 Thread 0x000001a11bc73350 Exception <a 'sun/nio/fs/WindowsException'{0x00000000ed020260}> (0x00000000ed020260) 
thrown [s\src\hotspot\share\prims\jni.cpp, line 516]
Event: 195.033 Thread 0x000001a11bc73350 Exception <a 'sun/nio/fs/WindowsException'{0x00000000ed020c98}> (0x00000000ed020c98) 
thrown [s\src\hotspot\share\prims\jni.cpp, line 516]
Event: 195.033 Thread 0x000001a11bc73350 Exception <a 'sun/nio/fs/WindowsException'{0x00000000ed021680}> (0x00000000ed021680) 
thrown [s\src\hotspot\share\prims\jni.cpp, line 516]
Event: 195.033 Thread 0x000001a11bc73350 Exception <a 'sun/nio/fs/WindowsException'{0x00000000ed0220b8}> (0x00000000ed0220b8) 
thrown [s\src\hotspot\share\prims\jni.cpp, line 516]
Event: 195.033 Thread 0x000001a11bc73350 Exception <a 'sun/nio/fs/WindowsException'{0x00000000ed022bb8}> (0x00000000ed022bb8) 
thrown [s\src\hotspot\share\prims\jni.cpp, line 516]
Event: 195.033 Thread 0x000001a11bc73350 Exception <a 'sun/nio/fs/WindowsException'{0x00000000ed023738}> (0x00000000ed023738) 
thrown [s\src\hotspot\share\prims\jni.cpp, line 516]
Event: 272.692 Thread 0x000001a11b997080 Exception <a 'java/lang/NoSuchMethodError'{0x00000000f6a0ef30}: 'void java.lang.invoke.DirectMethodHandle$Holder.invokeStatic(java.lang.Object, long)'> (0x00000000f6a0ef30) 
thrown [s\src\hotspot\share\interpreter\linkResolver.cpp, line 759]
Event: 272.695 Thread 0x000001a11b997080 Exception <a 'java/lang/NoSuchMethodError'{0x00000000f6a142e0}: 'java.lang.Object java.lang.invoke.DirectMethodHandle$Holder.newInvokeSpecial(java.lang.Object, long)'> (0x00000000f6a142e0) 
thrown [s\src\hotspot\share\interpreter\linkResolver.cpp, line 759]

VM Operations (20 events):
Event: 81635.264 Executing VM operation: G1CollectFull done
Event: 81645.508 Executing VM operation: G1CollectFull
Event: 81645.549 Executing VM operation: G1CollectFull done
Event: 81655.840 Executing VM operation: G1CollectFull
Event: 81655.889 Executing VM operation: G1CollectFull done
Event: 81666.096 Executing VM operation: G1CollectFull
Event: 81666.137 Executing VM operation: G1CollectFull done
Event: 81676.426 Executing VM operation: G1CollectFull
Event: 81676.472 Executing VM operation: G1CollectFull done
Event: 81686.769 Executing VM operation: G1CollectFull
Event: 81686.817 Executing VM operation: G1CollectFull done
Event: 81697.022 Executing VM operation: G1CollectFull
Event: 81697.067 Executing VM operation: G1CollectFull done
Event: 81707.274 Executing VM operation: G1CollectFull
Event: 81707.316 Executing VM operation: G1CollectFull done
Event: 81717.569 Executing VM operation: G1CollectFull
Event: 81717.617 Executing VM operation: G1CollectFull done
Event: 81727.773 Executing VM operation: G1CollectFull
Event: 81727.812 Executing VM operation: G1CollectFull done
Event: 81737.846 Executing VM operation: G1CollectFull

Events (20 events):
Event: 272.672 loading class java/lang/ProcessImpl done
Event: 272.696 loading class java/lang/ProcessImpl$2
Event: 272.696 loading class java/lang/ProcessImpl$2 done
Event: 272.697 loading class java/lang/Process$PipeInputStream
Event: 272.697 loading class java/lang/Process$PipeInputStream done
Event: 272.701 loading class jdk/internal/event/ProcessStartEvent
Event: 272.701 loading class jdk/internal/event/ProcessStartEvent done
Event: 364.143 Thread 0x000001a11bc771e0 Thread exited: 0x000001a11bc771e0
Event: 364.143 Thread 0x000001a11bc76d10 Thread exited: 0x000001a11bc76d10
Event: 369.914 Thread 0x000001a11ba9bc10 Thread added: 0x000001a11ba9bc10
Event: 424.162 Thread 0x000001a11bc71b40 Thread exited: 0x000001a11bc71b40
Event: 430.755 Thread 0x000001a11ba9bc10 Thread exited: 0x000001a11ba9bc10
Event: 1194.086 Thread 0x000001a11ba9ca80 Thread added: 0x000001a11ba9ca80
Event: 1199.516 Thread 0x000001a11ba9a8d0 Thread added: 0x000001a11ba9a8d0
Event: 1263.501 Thread 0x000001a11ba9a8d0 Thread exited: 0x000001a11ba9a8d0
Event: 1270.674 Thread 0x000001a11ba9ca80 Thread exited: 0x000001a11ba9ca80
Event: 2965.581 Thread 0x000001a11a266730 Thread added: 0x000001a11a266730
Event: 2970.768 Thread 0x000001a11a266730 Thread exited: 0x000001a11a266730
Event: 5603.858 Thread 0x000001a11ba99a60 Thread added: 0x000001a11ba99a60
Event: 5671.307 Thread 0x000001a11ba99a60 Thread exited: 0x000001a11ba99a60


Dynamic libraries:
0x00007ff7d72c0000 - 0x00007ff7d72ce000 	c:\Users\ftamayor\.vscode\extensions\redhat.java-1.19.0-win32-x64\jre\17.0.7-win32-x86_64\bin\java.exe
0x00007fffff050000 - 0x00007fffff264000 	C:\Windows\SYSTEM32\ntdll.dll
0x00007ffffdf80000 - 0x00007ffffe042000 	C:\Windows\System32\KERNEL32.DLL
0x00007ffffc690000 - 0x00007ffffca33000 	C:\Windows\System32\KERNELBASE.dll
0x00007ffffc570000 - 0x00007ffffc681000 	C:\Windows\System32\ucrtbase.dll
0x00007fffd5e20000 - 0x00007fffd5e37000 	c:\Users\ftamayor\.vscode\extensions\redhat.java-1.19.0-win32-x64\jre\17.0.7-win32-x86_64\bin\jli.dll
0x00007fffd62e0000 - 0x00007fffd62f9000 	c:\Users\ftamayor\.vscode\extensions\redhat.java-1.19.0-win32-x64\jre\17.0.7-win32-x86_64\bin\VCRUNTIME140.dll
0x00007ffffd190000 - 0x00007ffffd33b000 	C:\Windows\System32\USER32.dll
0x00007ffffcc20000 - 0x00007ffffcc46000 	C:\Windows\System32\win32u.dll
0x00007fffd1d20000 - 0x00007fffd1fae000 	C:\Windows\WinSxS\amd64_microsoft.windows.common-controls_6595b64144ccf1df_6.0.22621.1635_none_270f70857386168e\COMCTL32.dll
0x00007ffffd3f0000 - 0x00007ffffd419000 	C:\Windows\System32\GDI32.dll
0x00007ffffdd00000 - 0x00007ffffdda7000 	C:\Windows\System32\msvcrt.dll
0x00007ffffc450000 - 0x00007ffffc569000 	C:\Windows\System32\gdi32full.dll
0x00007ffffcd90000 - 0x00007ffffce2a000 	C:\Windows\System32\msvcp_win.dll
0x00007ffffd420000 - 0x00007ffffd451000 	C:\Windows\System32\IMM32.DLL
0x00007fffd8cc0000 - 0x00007fffd8ccc000 	c:\Users\ftamayor\.vscode\extensions\redhat.java-1.19.0-win32-x64\jre\17.0.7-win32-x86_64\bin\vcruntime140_1.dll
0x00007fffbf6f0000 - 0x00007fffbf781000 	c:\Users\ftamayor\.vscode\extensions\redhat.java-1.19.0-win32-x64\jre\17.0.7-win32-x86_64\bin\msvcp140.dll
0x00007fff7c780000 - 0x00007fff7d3c8000 	c:\Users\ftamayor\.vscode\extensions\redhat.java-1.19.0-win32-x64\jre\17.0.7-win32-x86_64\bin\server\jvm.dll
0x00007ffffdba0000 - 0x00007ffffdc4e000 	C:\Windows\System32\ADVAPI32.dll
0x00007ffffd4c0000 - 0x00007ffffd564000 	C:\Windows\System32\sechost.dll
0x00007ffffd570000 - 0x00007ffffd687000 	C:\Windows\System32\RPCRT4.dll
0x00007ffff4270000 - 0x00007ffff42a4000 	C:\Windows\SYSTEM32\WINMM.dll
0x00007fffe9fe0000 - 0x00007fffe9fea000 	C:\Windows\SYSTEM32\VERSION.dll
0x00007fffd1040000 - 0x00007fffd1049000 	C:\Windows\SYSTEM32\WSOCK32.dll
0x00007ffffce30000 - 0x00007ffffcea1000 	C:\Windows\System32\WS2_32.dll
0x00007ffffb550000 - 0x00007ffffb568000 	C:\Windows\SYSTEM32\kernel.appcore.dll
0x00007fffd62d0000 - 0x00007fffd62da000 	c:\Users\ftamayor\.vscode\extensions\redhat.java-1.19.0-win32-x64\jre\17.0.7-win32-x86_64\bin\jimage.dll
0x00007fffd5f90000 - 0x00007fffd61be000 	C:\Windows\SYSTEM32\DBGHELP.DLL
0x00007ffffec80000 - 0x00007fffff009000 	C:\Windows\System32\combase.dll
0x00007ffffe8d0000 - 0x00007ffffe9a7000 	C:\Windows\System32\OLEAUT32.dll
0x00007fffd5da0000 - 0x00007fffd5dd2000 	C:\Windows\SYSTEM32\dbgcore.DLL
0x00007ffffcd10000 - 0x00007ffffcd8b000 	C:\Windows\System32\bcryptPrimitives.dll
0x00007fffd5de0000 - 0x00007fffd5e05000 	c:\Users\ftamayor\.vscode\extensions\redhat.java-1.19.0-win32-x64\jre\17.0.7-win32-x86_64\bin\java.dll
0x00007fffd3360000 - 0x00007fffd3378000 	c:\Users\ftamayor\.vscode\extensions\redhat.java-1.19.0-win32-x64\jre\17.0.7-win32-x86_64\bin\zip.dll
0x00007ffffe070000 - 0x00007ffffe86a000 	C:\Windows\System32\SHELL32.dll
0x00007ffffa330000 - 0x00007ffffabfe000 	C:\Windows\SYSTEM32\windows.storage.dll
0x00007ffffa1f0000 - 0x00007ffffa32e000 	C:\Windows\SYSTEM32\wintypes.dll
0x00007ffffceb0000 - 0x00007ffffcfa1000 	C:\Windows\System32\SHCORE.dll
0x00007ffffd460000 - 0x00007ffffd4be000 	C:\Windows\System32\shlwapi.dll
0x00007ffffc380000 - 0x00007ffffc3a1000 	C:\Windows\SYSTEM32\profapi.dll
0x00007fffa33d0000 - 0x00007fffa33e9000 	C:\Users\ftamayor\.vscode\extensions\redhat.java-1.19.0-win32-x64\jre\17.0.7-win32-x86_64\bin\net.dll
0x00007ffff6010000 - 0x00007ffff6147000 	C:\Windows\SYSTEM32\WINHTTP.dll
0x00007ffffb9b0000 - 0x00007ffffba19000 	C:\Windows\system32\mswsock.dll
0x00007fff8c070000 - 0x00007fff8c085000 	C:\Users\ftamayor\.vscode\extensions\redhat.java-1.19.0-win32-x64\jre\17.0.7-win32-x86_64\bin\nio.dll
0x00007ffffbcd0000 - 0x00007ffffbceb000 	C:\Windows\SYSTEM32\CRYPTSP.dll
0x00007ffffb4c0000 - 0x00007ffffb4f5000 	C:\Windows\system32\rsaenh.dll
0x00007ffffba50000 - 0x00007ffffba78000 	C:\Windows\SYSTEM32\USERENV.dll
0x00007ffffbe20000 - 0x00007ffffbe48000 	C:\Windows\SYSTEM32\bcrypt.dll
0x00007ffffbcb0000 - 0x00007ffffbcbc000 	C:\Windows\SYSTEM32\CRYPTBASE.dll
0x00007ffffad50000 - 0x00007ffffad7d000 	C:\Windows\SYSTEM32\IPHLPAPI.DLL
0x00007ffffddb0000 - 0x00007ffffddb9000 	C:\Windows\System32\NSI.dll
0x00007ffff5c20000 - 0x00007ffff5c39000 	C:\Windows\SYSTEM32\dhcpcsvc6.DLL
0x00007ffff5b70000 - 0x00007ffff5b8f000 	C:\Windows\SYSTEM32\dhcpcsvc.DLL
0x00007ffffad80000 - 0x00007ffffae73000 	C:\Windows\SYSTEM32\DNSAPI.dll
0x00007ffff4ea0000 - 0x00007ffff4ea9000 	C:\Users\ftamayor\.vscode\extensions\redhat.java-1.19.0-win32-x64\jre\17.0.7-win32-x86_64\bin\management.dll
0x00007ffff0ee0000 - 0x00007ffff0eeb000 	C:\Users\ftamayor\.vscode\extensions\redhat.java-1.19.0-win32-x64\jre\17.0.7-win32-x86_64\bin\management_ext.dll
0x00007ffffd3e0000 - 0x00007ffffd3e8000 	C:\Windows\System32\PSAPI.DLL
0x00007fffbf6e0000 - 0x00007fffbf6ee000 	C:\Users\ftamayor\.vscode\extensions\redhat.java-1.19.0-win32-x64\jre\17.0.7-win32-x86_64\bin\sunmscapi.dll
0x00007ffffcab0000 - 0x00007ffffcc17000 	C:\Windows\System32\CRYPT32.dll
0x00007ffffbdf0000 - 0x00007ffffbe1e000 	C:\Windows\SYSTEM32\ncrypt.dll
0x00007ffffbdb0000 - 0x00007ffffbde7000 	C:\Windows\SYSTEM32\NTASN1.dll
0x00007ffff4a00000 - 0x00007ffff4a0a000 	C:\Windows\System32\rasadhlp.dll
0x00007ffff5b90000 - 0x00007ffff5c14000 	C:\Windows\System32\fwpuclnt.dll
0x00007fffcce10000 - 0x00007fffcce20000 	c:\Users\ftamayor\.vscode\extensions\redhat.java-1.19.0-win32-x64\jre\17.0.7-win32-x86_64\bin\verify.dll
0x000000006c500000 - 0x000000006c5c7000 	C:\Users\ftamayor\AppData\Local\Temp\snappy-1.1.8-103be5e1-acfa-44c1-8548-25d88ecc5862-snappyjava.dll

dbghelp: loaded successfully - version: 4.0.5 - missing functions: none
symbol engine: initialized successfully - sym options: 0x614 - pdb path: .;c:\Users\ftamayor\.vscode\extensions\redhat.java-1.19.0-win32-x64\jre\17.0.7-win32-x86_64\bin;C:\Windows\SYSTEM32;C:\Windows\WinSxS\amd64_microsoft.windows.common-controls_6595b64144ccf1df_6.0.22621.1635_none_270f70857386168e;c:\Users\ftamayor\.vscode\extensions\redhat.java-1.19.0-win32-x64\jre\17.0.7-win32-x86_64\bin\server;C:\Users\ftamayor\AppData\Local\Temp

VM Arguments:
jvm_args: -XX:+HeapDumpOnOutOfMemoryError -Xmx1024m -Dsts.lsp.client=vscode -Dsts.log.file=/dev/null -XX:TieredStopAtLevel=1 -Xlog:jni+resolve=off -Dspring.config.location=file:c:\Users\ftamayor\.vscode\extensions\vmware.vscode-spring-boot-1.47.0\language-server\BOOT-INF\classes\application.properties 
java_command: org.springframework.ide.vscode.boot.app.BootLanguageServerBootApp
java_class_path (initial): c:\Users\ftamayor\.vscode\extensions\vmware.vscode-spring-boot-1.47.0\language-server\BOOT-INF\classes;c:\Users\ftamayor\.vscode\extensions\vmware.vscode-spring-boot-1.47.0\language-server\BOOT-INF\lib\annotations-24.0.1.jar;c:\Users\ftamayor\.vscode\extensions\vmware.vscode-spring-boot-1.47.0\language-server\BOOT-INF\lib\antlr-runtime-3.5.3.jar;c:\Users\ftamayor\.vscode\extensions\vmware.vscode-spring-boot-1.47.0\language-server\BOOT-INF\lib\antlr4-4.11.1.jar;c:\Users\ftamayor\.vscode\extensions\vmware.vscode-spring-boot-1.47.0\language-server\BOOT-INF\lib\antlr4-runtime-4.11.1.jar;c:\Users\ftamayor\.vscode\extensions\vmware.vscode-spring-boot-1.47.0\language-server\BOOT-INF\lib\aopalliance-1.0.jar;c:\Users\ftamayor\.vscode\extensions\vmware.vscode-spring-boot-1.47.0\language-server\BOOT-INF\lib\asm-9.5.jar;c:\Users\ftamayor\.vscode\extensions\vmware.vscode-spring-boot-1.47.0\language-server\BOOT-INF\lib\asm-analysis-9.5.jar;c:\Users\ftamayor\.vscode\extensions\vmware.vscode-spring-boot-1.47.0\language-server\BOOT-INF\lib\asm-tree-9.5.jar;c:\Users\ftamayor\.vscode\extensions\vmware.vscode-spring-boot-1.47.0\language-server\BOOT-INF\lib\asm-util-9.5.jar;c:\Users\ftamayor\.vscode\extensions\vmware.vscode-spring-boot-1.47.0\language-server\BOOT-INF\lib\auto-common-1.2.1.jar;c:\Users\ftamayor\.vscode\extensions\vmware.vscode-spring-boot-1.47.0\language-server\BOOT-INF\lib\auto-value-annotations-1.9.jar;c:\Users\ftamayor\.vscode\extensions\vmware.vscode-spring-boot-1.47.0\language-server\BOOT-INF\lib\caffeine-3.1.2.jar;c:\Users\ftamayor\.vscode\extensions\vmware.vscode-spring-boot-1.47.0\language-server\BOOT-INF\lib\checker-qual-3.12.0.jar;c:\Users\ftamayor\.vscode\extensions\vmware.vscode-spring-boot-1.47.0\language-server\BOOT-INF\lib\classgraph-4.8.149.jar;c:\Users\ftamayor\.vscode\extensions\vmware.vscode-spring-boot-1.47.0\language-server\BOOT-INF\lib\commons-codec-1.15.jar;c:\Users\ftamayor\.vscode\extensions\vmware.vscode-spring-boot-
Launcher Type: SUN_STANDARD

[Global flags]
     intx CICompilerCount                          = 12                                        {product} {ergonomic}
     uint ConcGCThreads                            = 4                                         {product} {ergonomic}
     uint G1ConcRefinementThreads                  = 15                                        {product} {ergonomic}
   size_t G1HeapRegionSize                         = 1048576                                   {product} {ergonomic}
    uintx GCDrainStackTargetSize                   = 64                                        {product} {ergonomic}
     bool HeapDumpOnOutOfMemoryError               = true                                   {manageable} {command line}
   size_t InitialHeapSize                          = 264241152                                 {product} {ergonomic}
   size_t MarkStackSize                            = 4194304                                   {product} {ergonomic}
   size_t MaxHeapSize                              = 1073741824                                {product} {command line}
   size_t MaxNewSize                               = 643825664                                 {product} {ergonomic}
   size_t MinHeapDeltaBytes                        = 1048576                                   {product} {ergonomic}
   size_t MinHeapSize                              = 8388608                                   {product} {ergonomic}
    uintx NonProfiledCodeHeapSize                  = 0                                      {pd product} {ergonomic}
     bool ProfileInterpreter                       = false                                  {pd product} {command line}
    uintx ProfiledCodeHeapSize                     = 0                                      {pd product} {ergonomic}
   size_t SoftMaxHeapSize                          = 1073741824                             {manageable} {ergonomic}
     intx TieredStopAtLevel                        = 1                                         {product} {command line}
     bool UseCompressedClassPointers               = true                           {product lp64_product} {ergonomic}
     bool UseCompressedOops                        = true                           {product lp64_product} {ergonomic}
     bool UseG1GC                                  = true                                      {product} {ergonomic}
     bool UseLargePagesIndividualAllocation        = false                                  {pd product} {ergonomic}

Logging:
Log output configuration:
 #0: stdout all=warning,jni+resolve=off uptime,level,tags
 #1: stderr all=off uptime,level,tags

Environment Variables:
JAVA_HOME=C:\jdk-11
PATH=C:\Program Files\Python38\Scripts\;C:\Program Files\Python38\;C:\Program Files\Common Files\Oracle\Java\javapath;C:\Windows\system32;C:\Windows;C:\Windows\System32\Wbem;C:\Windows\System32\WindowsPowerShell\v1.0\;C:\Windows\System32\OpenSSH\;C:\Program Files\nodejs\;C:\Program Files\Git\cmd;C:\Program Files\Docker\Docker\resources\bin;C:\Program Files (x86)\Microsoft SQL Server\150\DTS\Binn\;C:\Program Files\Azure Data Studio\bin;C:\Program Files\Java\jdk-17.0.2\bin;C:\Program Files\apache-maven-3.8.6\bin;C:\Program Files\abc;C:\Program Files\Progress\DataDirect\ODBC\drivers;C:\Program Files\Progress\DataDirect\ODBC\jre\bin;C:\Program Files\Progress\DataDirect\ODBC\jre\bin\server;C:\Users\ftamayor\AppData\Local\Microsoft\WindowsApps;C:\Users\ftamayor\AppData\Roaming\npm;C:\Users\ftamayor\AppData\Local\Programs\Microsoft VS Code\bin;C:\Program Files\Azure Data Studio\bin
USERNAME=ftamayor
OS=Windows_NT
PROCESSOR_IDENTIFIER=Intel64 Family 6 Model 151 Stepping 2, GenuineIntel
TMP=C:\Users\ftamayor\AppData\Local\Temp
TEMP=C:\Users\ftamayor\AppData\Local\Temp



---------------  S Y S T E M  ---------------

OS:
 Windows 11 , 64 bit Build 22621 (10.0.22621.1778)
OS uptime: 1 days 2:16 hours
Hyper-V role detected

CPU: total 20 (initial active 20) (10 cores per cpu, 2 threads per core) family 6 model 151 stepping 2 microcode 0x26, cx8, cmov, fxsr, ht, mmx, 3dnowpref, sse, sse2, sse3, ssse3, sse4.1, sse4.2, popcnt, lzcnt, tsc, tscinvbit, avx, avx2, aes, erms, clmul, bmi1, bmi2, adx, sha, fma, vzeroupper, clflush, clflushopt, clwb, hv

Memory: 4k page, system-wide physical 16053M (259M free)
TotalPageFile size 44793M (AvailPageFile size 7M)
current process WorkingSet (physical memory assigned to process): 92M, peak: 1215M
current process commit charge ("private bytes"): 361M, peak: 1197M

vm_info: OpenJDK 64-Bit Server VM (17.0.7+7) for windows-amd64 JRE (17.0.7+7), built on Apr 18 2023 22:10:42 by "temurin" with MS VC++ 16.7 (VS2019)

END.
